<?xml version="1.0" encoding="UTF-8"?>
<!-- Generated by org.testng.reporters.JUnitReportReporter -->
<testsuite hostname="L5152N13" failures="0" tests="1" name="grid.RemoteConnectionFirefox" time="22.908" errors="0" timestamp="2022-10-04T21:20:28 IST" skipped="0">
  <testcase classname="grid.RemoteConnectionFirefox" name="mainFirefox" time="22.908"/>
  <system-out/>
</testsuite> <!-- grid.RemoteConnectionFirefox -->
