<?xml version="1.0" encoding="UTF-8"?>
<!-- Generated by org.testng.reporters.JUnitReportReporter -->
<testsuite skipped="0" hostname="L5152N13" name="TestNG.LoginClass" tests="2" failures="0" timestamp="2022-08-15T17:30:43 IST" time="0.011" errors="0">
  <testcase name="LoginScreen" time="0.001" classname="TestNG.LoginClass"/>
  <system-out/>
  <testcase name="LoginScreen" time="0.010" classname="TestNG.LoginClass"/>
  <system-out/>
</testsuite> <!-- TestNG.LoginClass -->
