<?xml version="1.0" encoding="UTF-8"?>
<!-- Generated by org.testng.reporters.JUnitReportReporter -->
<testsuite skipped="0" hostname="L5152N13" name="DP_Bridge.testBridge" tests="1" failures="0" timestamp="2022-08-21T12:45:23 IST" time="0.006" errors="0">
  <testcase name="testColorShape" time="0.006" classname="DP_Bridge.testBridge"/>
  <system-out/>
</testsuite> <!-- DP_Bridge.testBridge -->
