<?xml version="1.0" encoding="UTF-8"?>
<!-- Generated by org.testng.reporters.JUnitReportReporter -->
<testsuite skipped="0" hostname="L5152N13" name="TestNG.TestAnnotations2" tests="2" failures="0" timestamp="2022-08-21T14:55:42 IST" time="0.015" errors="0">
  <testcase name="f2" time="0.015" classname="TestNG.TestAnnotations2"/>
  <system-out/>
  <testcase name="f1" time="0.000" classname="TestNG.TestAnnotations2"/>
  <system-out/>
</testsuite> <!-- TestNG.TestAnnotations2 -->
