<?xml version="1.0" encoding="UTF-8"?>
<!-- Generated by org.testng.reporters.JUnitReportReporter -->
<testsuite hostname="L5152N13" failures="0" tests="1" name="selenium4.NewWindow" time="11.991" errors="0" timestamp="2022-09-27T06:04:24 IST" skipped="0">
  <testcase classname="selenium4.NewWindow" name="switchToNewWindow" time="11.991"/>
  <system-out/>
</testsuite> <!-- selenium4.NewWindow -->
