<?xml version="1.0" encoding="UTF-8"?>
<!-- Generated by org.testng.reporters.JUnitReportReporter -->
<testsuite skipped="0" hostname="L5152N13" name="SeleniumConcept.SampleBab" tests="1" failures="0" timestamp="2022-08-20T10:47:26 IST" time="5.541" errors="0">
  <testcase name="highLight" time="5.541" classname="SeleniumConcept.SampleBab"/>
  <system-out/>
</testsuite> <!-- SeleniumConcept.SampleBab -->
