<?xml version="1.0" encoding="UTF-8"?>
<!-- Generated by org.testng.reporters.JUnitReportReporter -->
<testsuite hostname="L5152N13" failures="0" tests="1" name="SeleniumConcept.Version4" time="5.665" errors="0" timestamp="2022-09-27T20:19:25 IST" skipped="0">
  <testcase classname="SeleniumConcept.Version4" name="relativeLocator" time="5.665"/>
  <system-out/>
</testsuite> <!-- SeleniumConcept.Version4 -->
