<?xml version="1.0" encoding="UTF-8"?>
<!-- Generated by org.testng.reporters.JUnitReportReporter -->
<testsuite skipped="0" hostname="L5152N13" name="SeleniumConcept.HyperLinkTest" tests="1" failures="0" timestamp="2022-08-15T21:56:38 IST" time="34.696" errors="0">
  <testcase name="totalLink" time="34.696" classname="SeleniumConcept.HyperLinkTest"/>
  <system-out/>
</testsuite> <!-- SeleniumConcept.HyperLinkTest -->
