<?xml version="1.0" encoding="UTF-8"?>
<!-- Generated by org.testng.reporters.JUnitReportReporter -->
<testsuite hostname="L5152N13" failures="0" tests="1" name="selenium4.ElementScreenShot" time="19.695" errors="0" timestamp="2022-09-27T06:28:21 IST" skipped="0">
  <testcase classname="selenium4.ElementScreenShot" name="elementDimension" time="19.695"/>
  <system-out/>
</testsuite> <!-- selenium4.ElementScreenShot -->
