<?xml version="1.0" encoding="UTF-8"?>
<!-- Generated by org.testng.reporters.JUnitReportReporter -->
<testsuite hostname="L5152N13" failures="0" tests="1" name="TL_Selenium_Practice.Amazonfurniture" time="20.270" errors="0" timestamp="2022-09-08T18:15:59 IST" skipped="0">
  <testcase classname="TL_Selenium_Practice.Amazonfurniture" name="furniture" time="20.270"/>
  <system-out/>
</testsuite> <!-- TL_Selenium_Practice.Amazonfurniture -->
