<?xml version="1.0" encoding="UTF-8"?>
<!-- Generated by org.testng.reporters.JUnitReportReporter -->
<testsuite skipped="0" hostname="L5152N13" name="SeleniumConcept.ExplicitWaitTest" tests="1" failures="0" timestamp="2022-08-15T20:51:13 IST" time="12.761" errors="0">
  <testcase name="waitForClickability" time="12.761" classname="SeleniumConcept.ExplicitWaitTest"/>
  <system-out/>
</testsuite> <!-- SeleniumConcept.ExplicitWaitTest -->
