<?xml version="1.0" encoding="UTF-8"?>
<!-- Generated by org.testng.reporters.JUnitReportReporter -->
<testsuite skipped="0" hostname="L5152N13" name="utils.NewTest" tests="1" failures="0" timestamp="2022-08-15T17:11:56 IST" time="10.914" errors="0">
  <testcase name="first" time="10.914" classname="utils.NewTest"/>
  <system-out/>
</testsuite> <!-- utils.NewTest -->
