<?xml version="1.0" encoding="UTF-8"?>
<!-- Generated by org.testng.reporters.JUnitReportReporter -->
<testsuite skipped="0" hostname="L5152N13" name="SeleniumConcept.Wait_types" tests="5" failures="0" timestamp="2022-08-12T06:31:13 IST" time="35.715" errors="0">
  <testcase name="implicity" time="6.608" classname="SeleniumConcept.Wait_types"/>
  <system-out/>
  <testcase name="scriptLoad" time="6.694" classname="SeleniumConcept.Wait_types"/>
  <system-out/>
  <testcase name="explicity" time="10.752" classname="SeleniumConcept.Wait_types"/>
  <system-out/>
  <testcase name="fluent" time="5.998" classname="SeleniumConcept.Wait_types"/>
  <system-out/>
  <testcase name="pageLoad" time="5.663" classname="SeleniumConcept.Wait_types"/>
  <system-out/>
</testsuite> <!-- SeleniumConcept.Wait_types -->
