<?xml version="1.0" encoding="UTF-8"?>
<!-- Generated by org.testng.reporters.JUnitReportReporter -->
<testsuite skipped="0" hostname="L5152N13" name="SeleniumConcept.IFrameClass" tests="2" failures="0" timestamp="2022-08-17T07:49:08 IST" time="13.426" errors="0">
  <testcase name="example1" time="5.060" classname="SeleniumConcept.IFrameClass"/>
  <system-out/>
  <testcase name="example2" time="8.366" classname="SeleniumConcept.IFrameClass"/>
  <system-out/>
</testsuite> <!-- SeleniumConcept.IFrameClass -->
