<?xml version="1.0" encoding="UTF-8"?>
<!-- Generated by org.testng.reporters.JUnitReportReporter -->
<testsuite skipped="0" hostname="L5152N13" name="Practices.SeleniumDemo.sampleRUnselenium" tests="1" failures="0" timestamp="2022-08-06T17:19:21 IST" time="10.329" errors="0">
  <testcase name="startUp" time="10.329" classname="Practices.SeleniumDemo.sampleRUnselenium"/>
  <system-out/>
</testsuite> <!-- Practices.SeleniumDemo.sampleRUnselenium -->
