<?xml version="1.0" encoding="UTF-8"?>
<!-- Generated by org.testng.reporters.JUnitReportReporter -->
<testsuite hostname="L5152N13" failures="0" tests="1" name="TL_Selenium_Practice.Ajio" time="31.113" errors="0" timestamp="2022-09-08T17:20:30 IST" skipped="0">
  <testcase classname="TL_Selenium_Practice.Ajio" name="ajioWomen" time="31.113"/>
  <system-out/>
</testsuite> <!-- TL_Selenium_Practice.Ajio -->
