<?xml version="1.0" encoding="UTF-8"?>
<!-- Generated by org.testng.reporters.JUnitReportReporter -->
<testsuite skipped="0" hostname="L5152N13" name="DesignPatterns.WebDriver_Factory" tests="1" failures="0" timestamp="2022-08-10T21:30:06 IST" time="38.806" errors="0">
  <testcase name="LaunchBrowser" time="38.806" classname="DesignPatterns.WebDriver_Factory"/>
  <system-out/>
</testsuite> <!-- DesignPatterns.WebDriver_Factory -->
