<?xml version="1.0" encoding="UTF-8"?>
<!-- Generated by org.testng.reporters.JUnitReportReporter -->
<testsuite skipped="0" hostname="L5152N13" name="SeleniumConcept.ActionsClass" tests="1" failures="0" timestamp="2022-08-07T14:29:55 IST" time="27.557" errors="0">
  <testcase name="ActionsClass" time="27.557" classname="SeleniumConcept.ActionsClass"/>
  <system-out/>
</testsuite> <!-- SeleniumConcept.ActionsClass -->
