<?xml version="1.0" encoding="UTF-8"?>
<!-- Generated by org.testng.reporters.JUnitReportReporter -->
<testsuite skipped="0" hostname="L5152N13" name="DP_Observer.Test_Validate" tests="1" failures="0" timestamp="2022-08-21T11:48:53 IST" time="0.007" errors="0">
  <testcase name="validateNews" time="0.007" classname="DP_Observer.Test_Validate"/>
  <system-out/>
</testsuite> <!-- DP_Observer.Test_Validate -->
