<?xml version="1.0" encoding="UTF-8"?>
<!-- Generated by org.testng.reporters.JUnitReportReporter -->
<testsuite skipped="0" hostname="L5152N13" name="TestNG.LoginClass" tests="2" failures="0" timestamp="2022-08-21T14:54:26 IST" time="0.000" errors="0">
  <testcase name="LoginScreen" time="0.000" classname="TestNG.LoginClass"/>
  <system-out/>
  <testcase name="LoginScreen" time="0.000" classname="TestNG.LoginClass"/>
  <system-out/>
</testsuite> <!-- TestNG.LoginClass -->
