<?xml version="1.0" encoding="UTF-8"?>
<!-- Generated by org.testng.reporters.JUnitReportReporter -->
<testsuite hostname="L5152N13" failures="0" tests="1" name="grid.RemoteConnectionChrome" time="22.124" errors="0" timestamp="2022-10-04T21:21:38 IST" skipped="0">
  <testcase classname="grid.RemoteConnectionChrome" name="mainChrome" time="22.124"/>
  <system-out/>
</testsuite> <!-- grid.RemoteConnectionChrome -->
