<?xml version="1.0" encoding="UTF-8"?>
<!-- Generated by org.testng.reporters.JUnitReportReporter -->
<testsuite hostname="L5152N13" failures="0" tests="1" name="selenium4.EmulationClass" time="18.067" errors="0" timestamp="2022-09-28T05:26:18 IST" skipped="0">
  <testcase classname="selenium4.EmulationClass" name="executeCDPcmd" time="18.067"/>
  <system-out/>
</testsuite> <!-- selenium4.EmulationClass -->
