<?xml version="1.0" encoding="UTF-8"?>
<!-- Generated by org.testng.reporters.JUnitReportReporter -->
<testsuite hostname="L5152N13" failures="0" tests="1" name="TL_Selenium_Practice.Flipkart" time="50.963" errors="0" timestamp="2022-09-08T19:39:59 IST" skipped="0">
  <testcase classname="TL_Selenium_Practice.Flipkart" name="flipkartsort" time="50.963"/>
  <system-out/>
</testsuite> <!-- TL_Selenium_Practice.Flipkart -->
