<?xml version="1.0" encoding="UTF-8"?>
<!-- Generated by org.testng.reporters.JUnitReportReporter -->
<testsuite hostname="L5152N13" failures="0" tests="1" name="selenium4.EmulationClass" time="31.034" errors="0" timestamp="2022-09-27T21:58:10 IST" skipped="0">
  <testcase classname="selenium4.EmulationClass" name="example1" time="31.034"/>
  <system-out/>
</testsuite> <!-- selenium4.EmulationClass -->
