<?xml version="1.0" encoding="UTF-8"?>
<!-- Generated by org.testng.reporters.JUnitReportReporter -->
<testsuite skipped="0" hostname="L5152N13" name="SeleniumConcept.Windows" tests="3" failures="0" timestamp="2022-08-17T10:06:40 IST" time="45.959" errors="0">
  <testcase name="example1" time="8.463" classname="SeleniumConcept.Windows"/>
  <system-out/>
  <testcase name="example2" time="21.205" classname="SeleniumConcept.Windows"/>
  <system-out/>
  <testcase name="example3" time="16.291" classname="SeleniumConcept.Windows"/>
  <system-out/>
</testsuite> <!-- SeleniumConcept.Windows -->
